<?xml version="1.0" encoding="UTF-8"?>
<TestRun id="0ba18614-3ee3-4dc7-9c05-1d8bb56f6e6c" name="psmmarques@SPONBBT020303 2013-10-18 15:02:19" runUser="INTRA\psmmarques" xmlns="http://microsoft.com/schemas/VisualStudio/TeamTest/2010">
  <TestSettings name="Local" id="6bcf1d68-6e08-48b3-878b-45c9118dde71">
    <Description>These are default test settings for a local test run.</Description>
    <Deployment enabled="false" runDeploymentRoot="psmmarques_SPONBBT020303 2013-10-18 15_02_19">
      <DeploymentItem filename="C:\Users\psmmarques\documents\visual studio 2010\Projects\br.com.maplink.calculorota\Business\br.com.maplink.calculorota.business.entit\bin\Debug\maplink.calculorota.business.entities.dll" />
      <DeploymentItem filename="C:\Users\psmmarques\documents\visual studio 2010\Projects\br.com.maplink.calculorota\packages\AutoMapper.3.0.0\lib\net40\AutoMapper.dll" />
      <DeploymentItem filename="C:\Users\psmmarques\documents\visual studio 2010\Projects\br.com.maplink.calculorota\Common\br.com.maplink.calculorota.common.integration\bin\Debug\maplink.calculorota.common.integration.dll" />
      <DeploymentItem filename="C:\Users\psmmarques\documents\visual studio 2010\Projects\br.com.maplink.calculorota\Business\br.com.maplink.calculorota.business\bin\Debug\maplink.calculorota.business.dll" />
      <DeploymentItem filename="C:\Users\psmmarques\documents\visual studio 2010\Projects\br.com.maplink.calculorota\Common\br.com.maplink.calculorota.common.config\bin\Debug\maplink.calculorota.common.config.dll" />
      <DeploymentItem filename="C:\Users\psmmarques\documents\visual studio 2010\Projects\br.com.maplink.calculorota\Common\br.com.maplink.calculorota.common.util\bin\Debug\br.com.maplink.calculorota.common.util.dll" />
      <DeploymentItem filename="C:\Users\psmmarques\documents\visual studio 2010\Projects\br.com.maplink.calculorota\packages\AutoMapper.3.0.0\lib\net40\AutoMapper.Net4.dll" />
      <DeploymentItem filename="C:\Users\psmmarques\documents\visual studio 2010\Projects\br.com.maplink.calculorota\Business\br.com.maplink.calculorota.business.dtos\bin\Debug\maplink.calculorota.business.dtos.dll" />
      <DeploymentItem filename="C:\Users\psmmarques\documents\visual studio 2010\Projects\br.com.maplink.calculorota\Data\br.com.maplink.calculorota.data\bin\Debug\br.com.maplink.calculorota.data.dll" />
    </Deployment>
    <Execution>
      <TestTypeSpecific />
      <AgentRule name="Execution Agents">
      </AgentRule>
    </Execution>
  </TestSettings>
  <Times creation="2013-10-18T15:02:19.8524133-03:00" queuing="2013-10-18T15:02:21.4451381-03:00" start="2013-10-18T15:02:21.6599661-03:00" finish="2013-10-18T15:03:00.6477509-03:00" />
  <ResultSummary outcome="Failed">
    <Counters total="1" executed="1" error="0" failed="1" timeout="0" aborted="0" inconclusive="0" passedButRunAborted="0" notRunnable="0" notExecuted="0" disconnected="0" warning="0" passed="0" completed="0" inProgress="0" pending="0" />
  </ResultSummary>
  <TestDefinitions>
    <UnitTest name="CalcularRotaEvitandoTransitoTest" storage="c:\users\psmmarques\documents\visual studio 2010\projects\br.com.maplink.calculorota\tests\br.com.maplink.calculorota.unittests\bin\debug\maplink.calculorota.unittests.dll" id="fad72eea-0233-c8f8-687b-4323140ec8ce">
      <Execution id="df89e4da-139a-4f08-b845-f0156f75b907" />
      <TestMethod codeBase="C:/Users/psmmarques/documents/visual studio 2010/Projects/br.com.maplink.calculorota/Tests/br.com.maplink.calculorota.unittests/bin/Debug/maplink.calculorota.unittests.DLL" adapterTypeName="Microsoft.VisualStudio.TestTools.TestTypes.Unit.UnitTestAdapter, Microsoft.VisualStudio.QualityTools.Tips.UnitTest.Adapter, Version=10.0.0.0, Culture=neutral, PublicKeyToken=b03f5f7f11d50a3a" className="br.com.maplink.calculorota.unittests.CalculoRotaWrapperTest, maplink.calculorota.unittests, Version=1.0.0.0, Culture=neutral, PublicKeyToken=null" name="CalcularRotaEvitandoTransitoTest" />
    </UnitTest>
  </TestDefinitions>
  <TestLists>
    <TestList name="Results Not in a List" id="8c84fa94-04c1-424b-9868-57a2d4851a1d" />
    <TestList name="All Loaded Results" id="19431567-8539-422a-85d7-44ee4e166bda" />
  </TestLists>
  <TestEntries>
    <TestEntry testId="fad72eea-0233-c8f8-687b-4323140ec8ce" executionId="df89e4da-139a-4f08-b845-f0156f75b907" testListId="8c84fa94-04c1-424b-9868-57a2d4851a1d" />
  </TestEntries>
  <Results>
    <UnitTestResult executionId="df89e4da-139a-4f08-b845-f0156f75b907" testId="fad72eea-0233-c8f8-687b-4323140ec8ce" testName="CalcularRotaEvitandoTransitoTest" computerName="SPONBBT020303" duration="00:00:32.5139656" startTime="2013-10-18T15:02:21.9017725-03:00" endTime="2013-10-18T15:03:00.3529869-03:00" testType="13cdc9d9-ddb5-4fa4-a97d-d965ccfc6d4b" outcome="Failed" testListId="8c84fa94-04c1-424b-9868-57a2d4851a1d" relativeResultsDirectory="df89e4da-139a-4f08-b845-f0156f75b907">
      <Output>
        <ErrorInfo>
          <Message>Test method br.com.maplink.calculorota.unittests.CalculoRotaWrapperTest.CalcularRotaEvitandoTransitoTest threw exception: 
System.ServiceModel.EndpointNotFoundException: Não foi possível a conexão com net.tcp://localhost:2981/CalculoRota.svc. A tentativa de conexão durou pelo período de tempo de 00:00:02.4940032. Código de erro TCP 10061: Nenhuma conexão pôde ser feita porque a máquina de destino as recusou ativamente 127.0.0.1:2981.  ---&gt; System.Net.Sockets.SocketException: Nenhuma conexão pôde ser feita porque a máquina de destino as recusou ativamente 127.0.0.1:2981</Message>
          <StackTrace>    em System.Net.Sockets.Socket.DoConnect(EndPoint endPointSnapshot, SocketAddress socketAddress)
   em System.Net.Sockets.Socket.Connect(EndPoint remoteEP)
   em System.ServiceModel.Channels.SocketConnectionInitiator.Connect(Uri uri, TimeSpan timeout)
 --- End of inner exception stack trace ---
 
Server stack trace: 
   em System.ServiceModel.Channels.SocketConnectionInitiator.Connect(Uri uri, TimeSpan timeout)
   em System.ServiceModel.Channels.BufferedConnectionInitiator.Connect(Uri uri, TimeSpan timeout)
   em System.ServiceModel.Channels.ConnectionPoolHelper.EstablishConnection(TimeSpan timeout)
   em System.ServiceModel.Channels.ClientFramingDuplexSessionChannel.OnOpen(TimeSpan timeout)
   em System.ServiceModel.Channels.CommunicationObject.Open(TimeSpan timeout)
   em System.ServiceModel.Channels.ServiceChannel.OnOpen(TimeSpan timeout)
   em System.ServiceModel.Channels.CommunicationObject.Open(TimeSpan timeout)
   em System.ServiceModel.Channels.ServiceChannel.CallOpenOnce.System.ServiceModel.Channels.ServiceChannel.ICallOnce.Call(ServiceChannel channel, TimeSpan timeout)
   em System.ServiceModel.Channels.ServiceChannel.CallOnceManager.CallOnce(TimeSpan timeout, CallOnceManager cascade)
   em System.ServiceModel.Channels.ServiceChannel.Call(String action, Boolean oneway, ProxyOperationRuntime operation, Object[] ins, Object[] outs, TimeSpan timeout)
   em System.ServiceModel.Channels.ServiceChannelProxy.InvokeService(IMethodCallMessage methodCall, ProxyOperationRuntime operation)
   em System.ServiceModel.Channels.ServiceChannelProxy.Invoke(IMessage message)
Exception rethrown at [0]: 
   em System.Runtime.Remoting.Proxies.RealProxy.HandleReturnMessage(IMessage reqMsg, IMessage retMsg)
   em System.Runtime.Remoting.Proxies.RealProxy.PrivateInvoke(MessageData&amp; msgData, Int32 type)
   em br.com.maplink.calculorota.common.integration.CalculoRota.CalculoRota.CalcularRotaEvitandoTransito(DadosEntrada[] entrada)
   em br.com.maplink.calculorota.common.integration.CalculoRota.CalculoRotaClient.CalcularRotaEvitandoTransito(DadosEntrada[] entrada) na C:\Users\psmmarques\documents\visual studio 2010\Projects\br.com.maplink.calculorota\Common\br.com.maplink.calculorota.common.integration\Service References\CalculoRota\Reference.cs:linha 351
   em br.com.maplink.calculorota.common.integration.CalculoRotaWrapper.CalcularRotaEvitandoTransito(List`1 d) na C:\Users\psmmarques\documents\visual studio 2010\Projects\br.com.maplink.calculorota\Common\br.com.maplink.calculorota.common.integration\CalculoRotaWrapper.cs:linha 22
   em br.com.maplink.calculorota.unittests.CalculoRotaWrapperTest.CalcularRotaEvitandoTransitoTest() na C:\Users\psmmarques\documents\visual studio 2010\Projects\br.com.maplink.calculorota\Tests\br.com.maplink.calculorota.unittests\CalculoRotaWrapperTest.cs:linha 76
</StackTrace>
        </ErrorInfo>
      </Output>
    </UnitTestResult>
  </Results>
</TestRun>